# JRE version: OpenJDK Runtime Environment (11.0.2+9) (build 11.0.2+9)
# Java VM: OpenJDK 64-Bit Server VM (11.0.2+9, mixed mode, tiered, compressed oops, g1 gc, windows-amd64)
Heap:
 garbage-first heap   total 65536K, used 38071K [0x00000000c1400000, 0x0000000100000000)
  region size 1024K, 34 young (34816K), 2 survivors (2048K)
 Metaspace       used 14612K, capacity 14915K, committed 15232K, reserved 1062912K
  class space    used 1283K, capacity 1387K, committed 1408K, reserved 1048576K
GC Heap History (10 events):
Event: 3193.126 GC heap before
{Heap before GC invocations=15 (full 0):
 garbage-first heap   total 65536K, used 43273K [0x00000000c1400000, 0x0000000100000000)
  region size 1024K, 38 young (38912K), 2 survivors (2048K)
 Metaspace       used 14608K, capacity 14915K, committed 15232K, reserved 1062912K
  class space    used 1283K, capacity 1387K, committed 1408K, reserved 1048576K
}
Event: 3193.164 GC heap after
{Heap after GC invocations=16 (full 0):
 garbage-first heap   total 65536K, used 6343K [0x00000000c1400000, 0x0000000100000000)
  region size 1024K, 2 young (2048K), 2 survivors (2048K)
 Metaspace       used 14608K, capacity 14915K, committed 15232K, reserved 1062912K
  class space    used 1283K, capacity 1387K, committed 1408K, reserved 1048576K
}
Event: 3427.737 GC heap before
{Heap before GC invocations=16 (full 0):
 garbage-first heap   total 65536K, used 43207K [0x00000000c1400000, 0x0000000100000000)
  region size 1024K, 38 young (38912K), 2 survivors (2048K)
 Metaspace       used 14608K, capacity 14915K, committed 15232K, reserved 1062912K
  class space    used 1283K, capacity 1387K, committed 1408K, reserved 1048576K
}
Event: 3427.779 GC heap after
{Heap after GC invocations=17 (full 0):
 garbage-first heap   total 65536K, used 6356K [0x00000000c1400000, 0x0000000100000000)
  region size 1024K, 2 young (2048K), 2 survivors (2048K)
 Metaspace       used 14608K, capacity 14915K, committed 15232K, reserved 1062912K
  class space    used 1283K, capacity 1387K, committed 1408K, reserved 1048576K
}
Event: 3668.847 GC heap before
{Heap before GC invocations=17 (full 0):
 garbage-first heap   total 65536K, used 43220K [0x00000000c1400000, 0x0000000100000000)
  region size 1024K, 38 young (38912K), 2 survivors (2048K)
 Metaspace       used 14612K, capacity 14915K, committed 15232K, reserved 1062912K
  class space    used 1283K, capacity 1387K, committed 1408K, reserved 1048576K
}
Event: 3668.890 GC heap after
{Heap after GC invocations=18 (full 0):
 garbage-first heap   total 65536K, used 6513K [0x00000000c1400000, 0x0000000100000000)
  region size 1024K, 2 young (2048K), 2 survivors (2048K)
 Metaspace       used 14612K, capacity 14915K, committed 15232K, reserved 1062912K
  class space    used 1283K, capacity 1387K, committed 1408K, reserved 1048576K
}
Event: 3896.172 GC heap before
{Heap before GC invocations=18 (full 0):
 garbage-first heap   total 65536K, used 43377K [0x00000000c1400000, 0x0000000100000000)
  region size 1024K, 38 young (38912K), 2 survivors (2048K)
 Metaspace       used 14612K, capacity 14915K, committed 15232K, reserved 1062912K
  class space    used 1283K, capacity 1387K, committed 1408K, reserved 1048576K
}
Event: 3896.208 GC heap after
{Heap after GC invocations=19 (full 0):
 garbage-first heap   total 65536K, used 6504K [0x00000000c1400000, 0x0000000100000000)
  region size 1024K, 2 young (2048K), 2 survivors (2048K)
 Metaspace       used 14612K, capacity 14915K, committed 15232K, reserved 1062912K
  class space    used 1283K, capacity 1387K, committed 1408K, reserved 1048576K
}
Event: 4139.201 GC heap before
{Heap before GC invocations=19 (full 0):
 garbage-first heap   total 65536K, used 43368K [0x00000000c1400000, 0x0000000100000000)
  region size 1024K, 38 young (38912K), 2 survivors (2048K)
 Metaspace       used 14612K, capacity 14915K, committed 15232K, reserved 1062912K
  class space    used 1283K, capacity 1387K, committed 1408K, reserved 1048576K
}
Event: 4139.251 GC heap after
{Heap after GC invocations=20 (full 0):
 garbage-first heap   total 65536K, used 6327K [0x00000000c1400000, 0x0000000100000000)
  region size 1024K, 2 young (2048K), 2 survivors (2048K)
 Metaspace       used 14612K, capacity 14915K, committed 15232K, reserved 1062912K
  class space    used 1283K, capacity 1387K, committed 1408K, reserved 1048576K
}

